<?xml version="1.0" encoding="UTF-8"?>
<!-- Generated by org.testng.reporters.JUnitReportReporter -->
<testsuite hostname="MacBook-Air.local" failures="0" tests="1" name="runners.TestRunner" time="41.682" errors="0" timestamp="2025-07-19T18:51:49 EDT" skipped="0">
  <testcase classname="runners.TestRunner" name="runScenario" time="41.682"/>
</testsuite> <!-- runners.TestRunner -->
