<?xml version="1.0" encoding="UTF-8"?>
<!-- Generated by org.testng.reporters.JUnitReportReporter -->
<testsuite hostname="MacBook-Air.local" failures="0" tests="1" name="runner.TestRunner" time="37.649" errors="0" timestamp="2025-07-19T17:01:43 EDT" skipped="0">
  <testcase classname="runner.TestRunner" name="runScenario" time="37.649"/>
</testsuite> <!-- runner.TestRunner -->
