<?xml version="1.0" encoding="UTF-8"?>
<!-- Generated by org.testng.reporters.JUnitReportReporter -->
<testsuite hostname="MacBook-Air.local" failures="0" tests="3" name="runners.TestRunner" time="73.832" errors="0" timestamp="2025-07-23T18:25:48 EDT" skipped="0">
  <testcase classname="runners.TestRunner" name="runScenario" time="73.815"/>
  <testcase classname="runners.TestRunner" name="runScenario" time="0.006"/>
  <testcase classname="runners.TestRunner" name="runScenario" time="0.011"/>
</testsuite> <!-- runners.TestRunner -->
